2015-06-16 17:55:35.387 DroneCheck[12571:806646] DiskCookieStorage changing policy from 2 to 0, cookie file: file:///Users/Derek/Library/Developer/CoreSimulator/Devices/78C2C1DA-FD6F-4414-8607-EAC2BD5D8BF8/data/Containers/Data/Application/2FD7AFBC-F206-4BDD-BB08-C9428858C052/Library/Cookies/Cookies.binarycookies
2015-06-16 17:55:35.556 DroneCheck[12571:806646] Apache Cordova native platform version 3.8.0 is starting.
2015-06-16 17:55:35.557 DroneCheck[12571:806646] Multi-tasking -> Device: YES, App: YES
2015-06-16 17:55:35.561 DroneCheck[12571:806646] Unlimited access to network resources
2015-06-16 17:55:35.568 DroneCheck[12571:806646] 

Started backup to iCloud! Please be careful.
Your application might be rejected by Apple if you store too much data.
For more information please read "iOS Data Storage Guidelines" at:
https://developer.apple.com/icloud/documentation/data-storage/
To disable web storage backup to iCloud, set the BackupWebStorage preference to "local" in the Cordova config.xml file

2015-06-16 17:55:35.689 DroneCheck[12571:806646] [CDVTimer][statusbar] 18.785000ms
2015-06-16 17:55:35.689 DroneCheck[12571:806646] [CDVTimer][TotalPluginStartup] 19.191980ms
2015-06-16 17:55:36.099 DroneCheck[12571:806646] Resetting plugins due to page load.
2015-06-16 17:55:36.473 DroneCheck[12571:806646] Finished load of: file:///Users/Derek/Library/Developer/CoreSimulator/Devices/78C2C1DA-FD6F-4414-8607-EAC2BD5D8BF8/data/Containers/Bundle/Application/487FD6D1-D6D0-462B-9D6F-B653E84FF104/DroneCheck.app/www/index.html
2015-07-17 09:32:13.055 DroneCheck[16660:1054742] DiskCookieStorage changing policy from 2 to 0, cookie file: file:///Users/Derek/Library/Developer/CoreSimulator/Devices/B4B7E96D-A2D3-4555-B4B5-D2344E83C993/data/Containers/Data/Application/55309578-CF73-4E3B-AEEC-A10202EA5DE0/Library/Cookies/Cookies.binarycookies
2015-07-17 09:32:13.314 DroneCheck[16660:1054742] Apache Cordova native platform version 3.8.0 is starting.
2015-07-17 09:32:13.314 DroneCheck[16660:1054742] Multi-tasking -> Device: YES, App: YES
2015-07-17 09:32:13.329 DroneCheck[16660:1054742] Unlimited access to network resources
2015-07-17 09:32:13.339 DroneCheck[16660:1054742] 

Started backup to iCloud! Please be careful.
Your application might be rejected by Apple if you store too much data.
For more information please read "iOS Data Storage Guidelines" at:
https://developer.apple.com/icloud/documentation/data-storage/
To disable web storage backup to iCloud, set the BackupWebStorage preference to "local" in the Cordova config.xml file

2015-07-17 09:32:13.802 DroneCheck[16660:1054742] [CDVTimer][statusbar] 112.210989ms
2015-07-17 09:32:13.802 DroneCheck[16660:1054742] [CDVTimer][TotalPluginStartup] 112.864971ms
2015-07-17 09:32:14.228 DroneCheck[16660:1054742] Resetting plugins due to page load.
2015-07-17 09:32:14.502 DroneCheck[16660:1054742] Finished load of: file:///Users/Derek/Library/Developer/CoreSimulator/Devices/B4B7E96D-A2D3-4555-B4B5-D2344E83C993/data/Containers/Bundle/Application/29A9E95F-9852-4652-9B0D-4D887D233880/DroneCheck.app/www/index.html
2015-07-23 21:00:20.416 DroneCheck[22144:1566541] DiskCookieStorage changing policy from 2 to 0, cookie file: file:///Users/Derek/Library/Developer/CoreSimulator/Devices/B4B7E96D-A2D3-4555-B4B5-D2344E83C993/data/Containers/Data/Application/0BE4EBBA-5AE2-4EB6-8B71-B2895829B7B7/Library/Cookies/Cookies.binarycookies
2015-07-23 21:00:20.694 DroneCheck[22144:1566541] Apache Cordova native platform version 3.8.0 is starting.
2015-07-23 21:00:20.695 DroneCheck[22144:1566541] Multi-tasking -> Device: YES, App: YES
2015-07-23 21:00:20.710 DroneCheck[22144:1566541] Unlimited access to network resources
2015-07-23 21:00:20.721 DroneCheck[22144:1566541] 

Started backup to iCloud! Please be careful.
Your application might be rejected by Apple if you store too much data.
For more information please read "iOS Data Storage Guidelines" at:
https://developer.apple.com/icloud/documentation/data-storage/
To disable web storage backup to iCloud, set the BackupWebStorage preference to "local" in the Cordova config.xml file

2015-07-23 21:00:21.190 DroneCheck[22144:1566541] [CDVTimer][statusbar] 124.814034ms
2015-07-23 21:00:21.190 DroneCheck[22144:1566541] [CDVTimer][TotalPluginStartup] 125.540018ms
2015-07-23 21:00:21.421 DroneCheck[22144:1566541] Resetting plugins due to page load.
2015-07-23 21:00:22.062 DroneCheck[22144:1566541] Finished load of: file:///Users/Derek/Library/Developer/CoreSimulator/Devices/B4B7E96D-A2D3-4555-B4B5-D2344E83C993/data/Containers/Bundle/Application/85104E54-E8B0-489B-A734-A1C31DDECBFB/DroneCheck.app/www/index.html
2015-07-23 21:00:28.183 DroneCheck[22144:1566541] locationManager::didFailWithError (null)
2015-07-23 21:23:01.316 DroneCheck[22559:1590111] DiskCookieStorage changing policy from 2 to 0, cookie file: file:///Users/Derek/Library/Developer/CoreSimulator/Devices/B4B7E96D-A2D3-4555-B4B5-D2344E83C993/data/Containers/Data/Application/3B365BF0-0D6F-46C3-9147-DC868E19BF95/Library/Cookies/Cookies.binarycookies
2015-07-23 21:23:01.390 DroneCheck[22559:1590111] Apache Cordova native platform version 3.8.0 is starting.
2015-07-23 21:23:01.390 DroneCheck[22559:1590111] Multi-tasking -> Device: YES, App: YES
2015-07-23 21:23:01.392 DroneCheck[22559:1590111] Unlimited access to network resources
2015-07-23 21:23:01.395 DroneCheck[22559:1590111] 

Started backup to iCloud! Please be careful.
Your application might be rejected by Apple if you store too much data.
For more information please read "iOS Data Storage Guidelines" at:
https://developer.apple.com/icloud/documentation/data-storage/
To disable web storage backup to iCloud, set the BackupWebStorage preference to "local" in the Cordova config.xml file

2015-07-23 21:23:01.510 DroneCheck[22559:1590111] [CDVTimer][statusbar] 30.641019ms
2015-07-23 21:23:01.510 DroneCheck[22559:1590111] [CDVTimer][TotalPluginStartup] 30.830026ms
2015-07-23 21:23:01.619 DroneCheck[22559:1590111] Resetting plugins due to page load.
2015-07-23 21:23:01.823 DroneCheck[22559:1590111] Finished load of: file:///Users/Derek/Library/Developer/CoreSimulator/Devices/B4B7E96D-A2D3-4555-B4B5-D2344E83C993/data/Containers/Bundle/Application/4E7CE59D-03BF-43A4-907B-E6FB685D1D86/DroneCheck.app/www/index.html
2015-07-23 21:23:03.592 DroneCheck[22559:1590111] locationManager::didFailWithError (null)
2015-07-23 21:23:43.872 DroneCheck[22559:1590433] Terminating since there is no system app.
2015-07-23 21:28:06.581 DroneCheck[22904:1593918] DiskCookieStorage changing policy from 2 to 0, cookie file: file:///Users/Derek/Library/Developer/CoreSimulator/Devices/B4B7E96D-A2D3-4555-B4B5-D2344E83C993/data/Containers/Data/Application/E67B1B2F-C324-4F8B-A839-7CA8E553C03A/Library/Cookies/Cookies.binarycookies
2015-07-23 21:28:06.842 DroneCheck[22904:1593918] Apache Cordova native platform version 3.8.0 is starting.
2015-07-23 21:28:06.842 DroneCheck[22904:1593918] Multi-tasking -> Device: YES, App: YES
2015-07-23 21:28:06.845 DroneCheck[22904:1593918] Unlimited access to network resources
2015-07-23 21:28:06.848 DroneCheck[22904:1593918] 

Started backup to iCloud! Please be careful.
Your application might be rejected by Apple if you store too much data.
For more information please read "iOS Data Storage Guidelines" at:
https://developer.apple.com/icloud/documentation/data-storage/
To disable web storage backup to iCloud, set the BackupWebStorage preference to "local" in the Cordova config.xml file

2015-07-23 21:28:06.972 DroneCheck[22904:1593918] [CDVTimer][statusbar] 18.737018ms
2015-07-23 21:28:06.972 DroneCheck[22904:1593918] [CDVTimer][TotalPluginStartup] 18.989027ms
2015-07-23 21:28:07.054 DroneCheck[22904:1593918] Resetting plugins due to page load.
2015-07-23 21:28:07.250 DroneCheck[22904:1593918] Finished load of: file:///Users/Derek/Library/Developer/CoreSimulator/Devices/B4B7E96D-A2D3-4555-B4B5-D2344E83C993/data/Containers/Bundle/Application/D336577F-7E1A-4B92-865F-171CA14D8E48/DroneCheck.app/www/index.html
2015-07-23 21:28:34.416 DroneCheck[22904:1593928] Terminating since there is no system app.
